<?xml version="1.0" encoding="UTF-8"?>
<!-- Generated by org.testng.reporters.JUnitReportReporter -->
<testsuite hostname="DESKTOP-C1US6VV" failures="0" tests="5" name="tests.ProductsPageTest" time="56.078" errors="0" timestamp="2024-08-29T15:00:37 IST" skipped="0">
  <testcase classname="tests.ProductsPageTest" name="ppHeadingCheck" time="7.038"/>
  <testcase classname="tests.ProductsPageTest" name="ppProductContainerCheck" time="19.765"/>
  <testcase classname="tests.ProductsPageTest" name="ppProductCategoriesCheck" time="7.604"/>
  <testcase classname="tests.ProductsPageTest" name="ppSelectedProductDataCheck" time="8.112"/>
  <testcase classname="tests.ProductsPageTest" name="ppCartButtonCheck" time="13.559"/>
</testsuite> <!-- tests.ProductsPageTest -->
