<?xml version="1.0" encoding="UTF-8"?>
<!-- Generated by org.testng.reporters.JUnitReportReporter -->
<testsuite hostname="DESKTOP-C1US6VV" failures="0" tests="7" name="tests.CartPageTest" time="100.527" errors="0" timestamp="2024-08-29T15:00:37 IST" skipped="0">
  <testcase classname="tests.CartPageTest" name="cpHeadingCheck" time="15.774"/>
  <testcase classname="tests.CartPageTest" name="cpTotalListOfItemsCheck" time="12.681"/>
  <testcase classname="tests.CartPageTest" name="cpRemoveSingleItemCheck" time="14.664"/>
  <testcase classname="tests.CartPageTest" name="cpDecreaseButtonCheck" time="13.685"/>
  <testcase classname="tests.CartPageTest" name="cpIncreaseButtonCheck" time="14.061"/>
  <testcase classname="tests.CartPageTest" name="cpTotalPriceDisplayingVsSumOfAllItemsCheck" time="15.907"/>
  <testcase classname="tests.CartPageTest" name="cpClearAllItemsCheck" time="13.755"/>
</testsuite> <!-- tests.CartPageTest -->
