<?xml version="1.0" encoding="UTF-8"?>
<!-- Generated by org.testng.reporters.JUnitReportReporter -->
<testsuite hostname="DESKTOP-C1US6VV" failures="0" tests="8" name="tests.HomePageTest" time="56.470" errors="0" timestamp="2024-08-29T15:00:37 IST" skipped="0">
  <testcase classname="tests.HomePageTest" name="hpLogoCheck" time="9.470"/>
  <testcase classname="tests.HomePageTest" name="hpURLCheck" time="7.001"/>
  <testcase classname="tests.HomePageTest" name="hpHomeButtonCheck" time="6.696"/>
  <testcase classname="tests.HomePageTest" name="hpProductsButtonCheck" time="7.167"/>
  <testcase classname="tests.HomePageTest" name="hpLogoutButtonCheck" time="6.891"/>
  <testcase classname="tests.HomePageTest" name="hpCartButtonCheck" time="6.813"/>
  <testcase classname="tests.HomePageTest" name="hpHeadingCheck" time="6.287"/>
  <testcase classname="tests.HomePageTest" name="hpShopNowCheck" time="6.145"/>
</testsuite> <!-- tests.HomePageTest -->
