<?xml version="1.0" encoding="UTF-8"?>
<!-- Generated by org.testng.reporters.JUnitReportReporter -->
<testsuite hostname="DESKTOP-C1US6VV" failures="0" tests="6" name="tests.LoginPageTest" time="43.556" errors="0" timestamp="2024-08-29T15:00:37 IST" skipped="0">
  <testcase classname="tests.LoginPageTest" name="lpLogoCheck" time="5.865"/>
  <testcase classname="tests.LoginPageTest" name="lpValidLoginCheck" time="6.406"/>
  <testcase classname="tests.LoginPageTest" name="lpValidLoginCheck" time="7.681"/>
  <testcase classname="tests.LoginPageTest" name="lpValidLoginCheck" time="9.877"/>
  <testcase classname="tests.LoginPageTest" name="lpValidLoginCheck" time="7.093"/>
  <testcase classname="tests.LoginPageTest" name="lpValidLoginCheck" time="6.634"/>
</testsuite> <!-- tests.LoginPageTest -->
